 Oops something is not okay, are you okay? 😢
2025-Sep-21 08:14:34.354905 #0 building with "default" instance using docker driver
2025-Sep-21 08:14:34.354905
2025-Sep-21 08:14:34.354905 #1 [internal] load build definition from Dockerfile
2025-Sep-21 08:14:34.354905 #1 transferring dockerfile: 1.08kB done
2025-Sep-21 08:14:34.354905 #1 DONE 0.1s
2025-Sep-21 08:14:34.354905
2025-Sep-21 08:14:34.354905 #2 [internal] load metadata for docker.io/library/node:20-alpine
2025-Sep-21 08:14:34.354905 #2 ...
2025-Sep-21 08:14:34.354905
2025-Sep-21 08:14:34.354905 #3 [internal] load metadata for docker.io/library/nginx:1.27-alpine
2025-Sep-21 08:14:34.354905 #3 DONE 2.3s
2025-Sep-21 08:14:34.354905
2025-Sep-21 08:14:34.354905 #2 [internal] load metadata for docker.io/library/node:20-alpine
2025-Sep-21 08:14:34.354905 #2 DONE 2.6s
2025-Sep-21 08:14:34.354905
2025-Sep-21 08:14:34.354905 #4 [internal] load .dockerignore
2025-Sep-21 08:14:34.354905 #4 transferring context: 2B done
2025-Sep-21 08:14:34.354905 #4 DONE 0.1s
2025-Sep-21 08:14:34.354905
2025-Sep-21 08:14:34.354905 #5 [build 1/6] FROM docker.io/library/node:20-alpine@sha256:eabac870db94f7342d6c33560d6613f188bbcf4bbe1f4eb47d5e2a08e1a37722
2025-Sep-21 08:14:34.354905 #5 DONE 0.0s
2025-Sep-21 08:14:34.354905
2025-Sep-21 08:14:34.354905 #6 [stage-1 1/5] FROM docker.io/library/nginx:1.27-alpine@sha256:65645c7bb6a0661892a8b03b89d0743208a18dd2f3f17a54ef4b76fb8e2f2a10
2025-Sep-21 08:14:34.354905 #6 DONE 0.0s
2025-Sep-21 08:14:34.354905
2025-Sep-21 08:14:34.354905 #7 [stage-1 2/5] WORKDIR /usr/share/nginx/html
2025-Sep-21 08:14:34.354905 #7 CACHED
2025-Sep-21 08:14:34.354905
2025-Sep-21 08:14:34.354905 #8 [stage-1 3/5] RUN printf 'server {\n  listen 9001;\n  server_name _;\n  root /usr/share/nginx/html;\n  index index.html;\n  include /etc/nginx/mime.types;\n\n  location / {\n    try_files $uri $uri/ /index.html;\n  }\n\n  location = /50x.html { root /usr/share/nginx/html; }\n}\n' > /etc/nginx/conf.d/default.conf
2025-Sep-21 08:14:34.354905 #8 CACHED
2025-Sep-21 08:14:34.354905
2025-Sep-21 08:14:34.354905 #9 [internal] load build context
2025-Sep-21 08:14:34.354905 #9 transferring context: 2.59MB 0.1s done
2025-Sep-21 08:14:34.354905 #9 DONE 0.1s
2025-Sep-21 08:14:34.354905
2025-Sep-21 08:14:34.354905 #10 [build 2/6] WORKDIR /app
2025-Sep-21 08:14:34.354905 #10 CACHED
2025-Sep-21 08:14:34.354905
2025-Sep-21 08:14:34.354905 #11 [build 3/6] COPY package.json package-lock.json* ./
2025-Sep-21 08:14:34.354905 #11 CACHED
2025-Sep-21 08:14:34.354905
2025-Sep-21 08:14:34.354905 #12 [build 4/6] RUN if [ -f package-lock.json ]; then npm ci; else npm install; fi
2025-Sep-21 08:14:34.354905 #12 CACHED
2025-Sep-21 08:14:34.354905
2025-Sep-21 08:14:34.354905 #13 [build 5/6] COPY . .
2025-Sep-21 08:14:34.354905 #13 DONE 0.2s
2025-Sep-21 08:14:34.354905
2025-Sep-21 08:14:34.354905 #14 [build 6/6] RUN npm run build  # Vite outputs to /app/build (per vite.config.mjs)
2025-Sep-21 08:14:34.354905 #14 0.333
2025-Sep-21 08:14:34.354905 #14 0.333 > sriaditya@5.4.0 build
2025-Sep-21 08:14:34.354905 #14 0.333 > vite build
2025-Sep-21 08:14:34.354905 #14 0.333
2025-Sep-21 08:14:34.354905 #14 0.951 vite v6.3.6 building for production...
2025-Sep-21 08:14:34.354905 #14 1.060 transforming...
2025-Sep-21 08:14:34.354905 #14 6.947 ✓ 3433 modules transformed.
2025-Sep-21 08:14:34.354905 #14 6.950 ✗ Build failed in 5.95s
2025-Sep-21 08:14:34.354905 #14 6.950 error during build:
2025-Sep-21 08:14:34.354905 #14 6.950 Could not resolve "../invoice.css" from "src/views/Invoice/Invoicecompanents/Invoiceprint.js"
2025-Sep-21 08:14:34.354905 #14 6.950 file: /app/src/views/Invoice/Invoicecompanents/Invoiceprint.js
2025-Sep-21 08:14:34.354905 #14 6.950     at getRollupError (file:///app/node_modules/rollup/dist/es/shared/parseAst.js:401:41)
2025-Sep-21 08:14:34.354905 #14 6.950     at error (file:///app/node_modules/rollup/dist/es/shared/parseAst.js:397:42)
2025-Sep-21 08:14:34.354905 #14 6.950     at ModuleLoader.handleInvalidResolvedId (file:///app/node_modules/rollup/dist/es/shared/node-entry.js:21584:24)
2025-Sep-21 08:14:34.354905 #14 6.950     at file:///app/node_modules/rollup/dist/es/shared/node-entry.js:21544:26
2025-Sep-21 08:14:34.354905 #14 ERROR: process "/bin/sh -c npm run build  # Vite outputs to /app/build (per vite.config.mjs)" did not complete successfully: exit code: 1
2025-Sep-21 08:14:34.354905 ------
2025-Sep-21 08:14:34.354905 > [build 6/6] RUN npm run build  # Vite outputs to /app/build (per vite.config.mjs):
2025-Sep-21 08:14:34.354905 1.060 transforming...
2025-Sep-21 08:14:34.354905 6.947 ✓ 3433 modules transformed.
2025-Sep-21 08:14:34.354905 6.950 ✗ Build failed in 5.95s
2025-Sep-21 08:14:34.354905 6.950 error during build:
2025-Sep-21 08:14:34.354905 6.950 Could not resolve "../invoice.css" from "src/views/Invoice/Invoicecompanents/Invoiceprint.js"
2025-Sep-21 08:14:34.354905 6.950 file: /app/src/views/Invoice/Invoicecompanents/Invoiceprint.js
2025-Sep-21 08:14:34.354905 6.950     at getRollupError (file:///app/node_modules/rollup/dist/es/shared/parseAst.js:401:41)
2025-Sep-21 08:14:34.354905 6.950     at error (file:///app/node_modules/rollup/dist/es/shared/parseAst.js:397:42)
2025-Sep-21 08:14:34.354905 6.950     at ModuleLoader.handleInvalidResolvedId (file:///app/node_modules/rollup/dist/es/shared/node-entry.js:21584:24)
2025-Sep-21 08:14:34.354905 6.950     at file:///app/node_modules/rollup/dist/es/shared/node-entry.js:21544:26
2025-Sep-21 08:14:34.354905 ------
2025-Sep-21 08:14:34.354905 Dockerfile:11
2025-Sep-21 08:14:34.354905 --------------------
2025-Sep-21 08:14:34.354905 9 |     # Copy source and build
2025-Sep-21 08:14:34.354905 10 |     COPY . .
2025-Sep-21 08:14:34.354905 11 | >>> RUN npm run build  # Vite outputs to /app/build (per vite.config.mjs)
2025-Sep-21 08:14:34.354905 12 |
2025-Sep-21 08:14:34.354905 13 |     # --- Runtime stage ---
2025-Sep-21 08:14:34.354905 --------------------
2025-Sep-21 08:14:34.354905 ERROR: failed to build: failed to solve: process "/bin/sh -c npm run build  # Vite outputs to /app/build (per vite.config.mjs)" did not complete successfully: exit code: 1
2025-Sep-21 08:14:34.354905 exit status 1
2025-Sep-21 08:14:34.360721 Deployment failed. Removing the new version of your application.
2025-Sep-21 08:14:35.714345 Gracefully shutting